TN:
SF:B:\build file\tvshows\src\App.vue
FN:27,(anonymous_1)
FNF:1
FNH:1
FNDA:4,(anonymous_1)
DA:19,1
DA:20,1
DA:28,4
LF:3
LH:3
BRF:0
BRH:0
end_of_record
TN:
SF:B:\build file\tvshows\src\components\allShows.vue
FN:27,(anonymous_1)
FN:36,(anonymous_2)
FN:41,(anonymous_3)
FN:45,(anonymous_4)
FN:48,(anonymous_5)
FN:49,(anonymous_6)
FN:53,(anonymous_7)
FNF:7
FNH:7
FNDA:6,(anonymous_1)
FNDA:6,(anonymous_2)
FNDA:6,(anonymous_3)
FNDA:7,(anonymous_4)
FNDA:1,(anonymous_5)
FNDA:1,(anonymous_6)
FNDA:2,(anonymous_7)
DA:28,6
DA:37,6
DA:38,6
DA:42,6
DA:46,7
DA:49,2
DA:54,2
DA:55,2
DA:57,2
DA:58,2
DA:59,1
DA:60,1
DA:61,1
DA:63,2
LF:14
LH:14
BRDA:58,0,0,1
BRDA:58,0,1,1
BRDA:60,1,0,1
BRDA:60,1,1,0
BRF:4
BRH:3
end_of_record
TN:
SF:B:\build file\tvshows\src\components\appHeader.vue
FN:36,(anonymous_1)
FN:49,(anonymous_2)
FN:52,(anonymous_3)
FN:56,(anonymous_4)
FN:59,(anonymous_5)
FN:62,(anonymous_6)
FN:67,(anonymous_7)
FN:72,(anonymous_8)
FN:73,(anonymous_9)
FNF:9
FNH:7
FNDA:7,(anonymous_1)
FNDA:1,(anonymous_2)
FNDA:1,(anonymous_3)
FNDA:7,(anonymous_4)
FNDA:1,(anonymous_5)
FNDA:0,(anonymous_6)
FNDA:0,(anonymous_7)
FNDA:2,(anonymous_8)
FNDA:2,(anonymous_9)
DA:37,7
DA:50,1
DA:53,1
DA:60,1
DA:61,1
DA:62,1
DA:63,0
DA:64,0
DA:65,0
DA:66,0
DA:67,0
DA:73,4
LF:12
LH:7
BRDA:63,0,0,0
BRDA:63,0,1,0
BRDA:66,1,0,0
BRDA:66,1,1,0
BRF:4
BRH:0
end_of_record
TN:
SF:B:\build file\tvshows\src\components\showDetails.vue
FN:110,(anonymous_1)
FN:115,(anonymous_2)
FN:118,(anonymous_3)
FN:123,(anonymous_4)
FN:124,(anonymous_5)
FNF:5
FNH:0
FNDA:0,(anonymous_1)
FNDA:0,(anonymous_2)
FNDA:0,(anonymous_3)
FNDA:0,(anonymous_4)
FNDA:0,(anonymous_5)
DA:106,0
DA:111,0
DA:116,0
DA:119,0
DA:124,0
DA:125,0
DA:126,0
LF:7
LH:0
BRF:0
BRH:0
end_of_record
TN:
SF:B:\build file\tvshows\src\plugins\vuetify.js
FNF:0
FNH:0
DA:4,0
LF:1
LH:0
BRF:0
BRH:0
end_of_record
TN:
SF:B:\build file\tvshows\src\router\index.js
FN:15,(anonymous_0)
FNF:1
FNH:0
FNDA:0,(anonymous_0)
DA:4,2
DA:6,2
DA:16,0
DA:19,2
LF:4
LH:3
BRF:0
BRH:0
end_of_record
TN:
SF:B:\build file\tvshows\src\services\tv-maze-api.js
FN:5,getSearchResult
FN:9,getAllShows
FN:14,getShowDetailsById
FN:18,showDetailsByName
FNF:4
FNH:4
FNDA:1,getSearchResult
FNDA:1,getAllShows
FNDA:1,getShowDetailsById
FNDA:1,showDetailsByName
DA:3,2
DA:6,1
DA:10,1
DA:15,1
DA:19,1
LF:5
LH:5
BRF:0
BRH:0
end_of_record
TN:
SF:B:\build file\tvshows\src\store\index.js
FN:17,(anonymous_0)
FN:20,(anonymous_1)
FN:23,(anonymous_2)
FN:26,(anonymous_3)
FN:31,(anonymous_4)
FN:33,(anonymous_5)
FN:34,(anonymous_6)
FN:36,(anonymous_7)
FN:38,(anonymous_8)
FN:39,(anonymous_9)
FN:41,(anonymous_10)
FN:43,(anonymous_11)
FN:44,(anonymous_12)
FN:46,(anonymous_13)
FN:48,(anonymous_14)
FN:51,(anonymous_15)
FNF:16
FNH:16
FNDA:1,(anonymous_0)
FNDA:1,(anonymous_1)
FNDA:1,(anonymous_2)
FNDA:1,(anonymous_3)
FNDA:2,(anonymous_4)
FNDA:1,(anonymous_5)
FNDA:1,(anonymous_6)
FNDA:2,(anonymous_7)
FNDA:1,(anonymous_8)
FNDA:1,(anonymous_9)
FNDA:2,(anonymous_10)
FNDA:1,(anonymous_11)
FNDA:1,(anonymous_12)
FNDA:2,(anonymous_13)
FNDA:1,(anonymous_14)
FNDA:1,(anonymous_15)
DA:9,1
DA:10,1
DA:16,1
DA:18,1
DA:21,1
DA:24,1
DA:27,1
DA:30,1
DA:32,2
DA:33,1
DA:34,1
DA:37,2
DA:38,1
DA:39,1
DA:42,2
DA:43,1
DA:44,1
DA:47,2
DA:49,1
DA:51,1
DA:54,1
LF:21
LH:21
BRF:0
BRH:0
end_of_record
